<?xml version="1.0" encoding="UTF-8"?>
<testng-results ignored="0" total="1" passed="1" failed="0" skipped="0">
  <reporter-output>
  </reporter-output>
  <suite started-at="2025-03-23T23:43:23 IST" name="Suite" finished-at="2025-03-23T23:43:39 IST" duration-ms="15921">
    <groups>
    </groups>
    <test started-at="2025-03-23T23:43:23 IST" name="Test" finished-at="2025-03-23T23:43:39 IST" duration-ms="15921">
      <class name="login_pkg.testlogin">
        <test-method is-config="true" signature="setup()[pri:0, instance:login_pkg.testlogin@4b013c76]" started-at="2025-03-23T23:43:23 IST" name="setup" finished-at="2025-03-23T23:43:26 IST" duration-ms="3333" status="PASS">
          <reporter-output>
          </reporter-output>
        </test-method> <!-- setup -->
        <test-method signature="verifytitle()[pri:0, instance:login_pkg.testlogin@4b013c76]" started-at="2025-03-23T23:43:26 IST" name="verifytitle" finished-at="2025-03-23T23:43:37 IST" duration-ms="10554" status="PASS">
          <reporter-output>
          </reporter-output>
        </test-method> <!-- verifytitle -->
        <test-method is-config="true" signature="teardown()[pri:0, instance:login_pkg.testlogin@4b013c76]" started-at="2025-03-23T23:43:37 IST" name="teardown" finished-at="2025-03-23T23:43:39 IST" duration-ms="1985" status="PASS">
          <reporter-output>
          </reporter-output>
        </test-method> <!-- teardown -->
      </class> <!-- login_pkg.testlogin -->
    </test> <!-- Test -->
  </suite> <!-- Suite -->
</testng-results>
