<?xml version="1.0" encoding="UTF-8"?>
<testng-results ignored="0" total="1" passed="1" failed="0" skipped="0">
  <reporter-output>
  </reporter-output>
  <suite started-at="2025-03-24T11:40:02 IST" name="Default suite" finished-at="2025-03-24T11:40:28 IST" duration-ms="26565">
    <groups>
    </groups>
    <test started-at="2025-03-24T11:40:02 IST" name="Default test" finished-at="2025-03-24T11:40:28 IST" duration-ms="26565">
      <class name="login_pkg.testlogin">
        <test-method is-config="true" signature="setup()[pri:0, instance:login_pkg.testlogin@24313fcc]" started-at="2025-03-24T11:40:02 IST" name="setup" finished-at="2025-03-24T11:40:18 IST" duration-ms="16450" status="PASS">
          <reporter-output>
          </reporter-output>
        </test-method> <!-- setup -->
        <test-method signature="verifytitle()[pri:0, instance:login_pkg.testlogin@24313fcc]" started-at="2025-03-24T11:40:18 IST" name="verifytitle" finished-at="2025-03-24T11:40:28 IST" duration-ms="9814" status="PASS">
          <reporter-output>
          </reporter-output>
        </test-method> <!-- verifytitle -->
        <test-method is-config="true" signature="teardown()[pri:0, instance:login_pkg.testlogin@24313fcc]" started-at="2025-03-24T11:40:28 IST" name="teardown" finished-at="2025-03-24T11:40:28 IST" duration-ms="253" status="PASS">
          <reporter-output>
          </reporter-output>
        </test-method> <!-- teardown -->
      </class> <!-- login_pkg.testlogin -->
    </test> <!-- Default test -->
  </suite> <!-- Default suite -->
</testng-results>
